<?xml version="1.0" encoding="UTF-8"?>
<testng-results skipped="0" failed="0" ignored="0" total="1" passed="1">
  <reporter-output>
  </reporter-output>
  <suite name="Default suite" duration-ms="1206" started-at="2019-02-15T14:33:25Z" finished-at="2019-02-15T14:33:27Z">
    <groups>
    </groups>
    <test name="Default test" duration-ms="1206" started-at="2019-02-15T14:33:25Z" finished-at="2019-02-15T14:33:27Z">
      <class name="com.qa.tests.DeleteApiTest">
        <test-method status="PASS" signature="setUp()[pri:0, instance:com.qa.tests.DeleteApiTest@1593948d]" name="setUp" is-config="true" duration-ms="5" started-at="2019-02-15T14:33:25Z" finished-at="2019-02-15T14:33:25Z">
          <reporter-output>
          </reporter-output>
        </test-method> <!-- setUp -->
        <test-method status="PASS" signature="deleteApiTest()[pri:0, instance:com.qa.tests.DeleteApiTest@1593948d]" name="deleteApiTest" duration-ms="1181" started-at="2019-02-15T14:33:25Z" finished-at="2019-02-15T14:33:27Z">
          <reporter-output>
          </reporter-output>
        </test-method> <!-- deleteApiTest -->
      </class> <!-- com.qa.tests.DeleteApiTest -->
    </test> <!-- Default test -->
  </suite> <!-- Default suite -->
</testng-results>
