<?xml version="1.0" encoding="UTF-8"?>
<testng-results skipped="0" failed="0" ignored="0" total="1" passed="1">
  <reporter-output>
  </reporter-output>
  <suite name="Default suite" duration-ms="1412" started-at="2019-02-15T14:09:22Z" finished-at="2019-02-15T14:09:23Z">
    <groups>
    </groups>
    <test name="Default test" duration-ms="1412" started-at="2019-02-15T14:09:22Z" finished-at="2019-02-15T14:09:23Z">
      <class name="com.qa.tests.PutApiTest">
        <test-method status="PASS" signature="setUp()[pri:0, instance:com.qa.tests.PutApiTest@1593948d]" name="setUp" is-config="true" duration-ms="4" started-at="2019-02-15T14:09:22Z" finished-at="2019-02-15T14:09:22Z">
          <reporter-output>
          </reporter-output>
        </test-method> <!-- setUp -->
        <test-method status="PASS" signature="putApiTest()[pri:0, instance:com.qa.tests.PutApiTest@1593948d]" name="putApiTest" duration-ms="1388" started-at="2019-02-15T14:09:22Z" finished-at="2019-02-15T14:09:23Z">
          <reporter-output>
          </reporter-output>
        </test-method> <!-- putApiTest -->
      </class> <!-- com.qa.tests.PutApiTest -->
    </test> <!-- Default test -->
  </suite> <!-- Default suite -->
</testng-results>
